<?xml version="1.0" encoding="UTF-8"?>
<testng-results total="1" passed="1" failed="0" skipped="0">
  <reporter-output>
  </reporter-output>
  <suite started-at="2022-03-17T03:36:01Z" name="Suite" finished-at="2022-03-17T04:14:06Z" duration-ms="2285212">
    <groups>
    </groups>
    <test started-at="2022-03-17T03:36:01Z" name="CR27 Ship URL Testing" finished-at="2022-03-17T04:14:06Z" duration-ms="2285212">
      <class name="CR27SMOKE.CR27ShipURL">
        <test-method is-config="true" signature="startup()[pri:0, instance:CR27SMOKE.CR27ShipURL@1d9b7cce]" started-at="2022-03-17T09:05:59Z" name="startup" finished-at="2022-03-17T09:06:01Z" duration-ms="2306" status="PASS">
          <reporter-output>
          </reporter-output>
        </test-method> <!-- startup -->
        <test-method signature="cr27ShipURL()[pri:0, instance:CR27SMOKE.CR27ShipURL@1d9b7cce]" started-at="2022-03-17T09:06:01Z" name="cr27ShipURL" finished-at="2022-03-17T09:44:06Z" duration-ms="2285182" status="PASS">
          <reporter-output>
          </reporter-output>
        </test-method> <!-- cr27ShipURL -->
        <test-method is-config="true" signature="end()[pri:0, instance:CR27SMOKE.CR27ShipURL@1d9b7cce]" started-at="2022-03-17T09:44:06Z" name="end" finished-at="2022-03-17T09:44:07Z" duration-ms="959" status="PASS">
          <reporter-output>
          </reporter-output>
        </test-method> <!-- end -->
      </class> <!-- CR27SMOKE.CR27ShipURL -->
    </test> <!-- CR27 Ship URL Testing -->
  </suite> <!-- Suite -->
</testng-results>
